# JRE version: OpenJDK Runtime Environment (8.0_242-b01) (build 1.8.0_242-release-1644-b01)
# Java VM: OpenJDK 64-Bit Server VM (25.242-b01 mixed mode windows-amd64 compressed oops)
Heap:
 PSYoungGen      total 448000K, used 133621K [0x00000000d5580000, 0x00000000f1b00000, 0x0000000100000000)
  eden space 433664K, 30% used [0x00000000d5580000,0x00000000dd492b50,0x00000000efd00000)
  from space 14336K, 24% used [0x00000000f0b00000,0x00000000f0e6a978,0x00000000f1900000)
  to   space 14336K, 0% used [0x00000000efd00000,0x00000000efd00000,0x00000000f0b00000)
 ParOldGen       total 119296K, used 68379K [0x0000000080000000, 0x0000000087480000, 0x00000000d5580000)
  object space 119296K, 57% used [0x0000000080000000,0x00000000842c6c60,0x0000000087480000)
 Metaspace       used 82219K, capacity 85720K, committed 87168K, reserved 1124352K
  class space    used 10823K, capacity 11505K, committed 11904K, reserved 1048576K
GC Heap History (10 events):
Event: 142.172 GC heap before
{Heap before GC invocations=20 (full 3):
 PSYoungGen      total 384000K, used 1458K [0x00000000d5580000, 0x00000000f1900000, 0x0000000100000000)
  eden space 369152K, 0% used [0x00000000d5580000,0x00000000d5580000,0x00000000ebe00000)
  from space 14848K, 9% used [0x00000000ebe00000,0x00000000ebf6cad8,0x00000000ecc80000)
  to   space 14336K, 0% used [0x00000000f0b00000,0x00000000f0b00000,0x00000000f1900000)
 ParOldGen       total 35328K, used 32683K [0x0000000080000000, 0x0000000082280000, 0x00000000d5580000)
  object space 35328K, 92% used [0x0000000080000000,0x0000000081feac70,0x0000000082280000)
 Metaspace       used 49974K, capacity 52032K, committed 52096K, reserved 1095680K
  class space    used 6376K, capacity 6765K, committed 6784K, reserved 1048576K
Event: 143.407 GC heap after
Heap after GC invocations=20 (full 3):
 PSYoungGen      total 384000K, used 0K [0x00000000d5580000, 0x00000000f1900000, 0x0000000100000000)
  eden space 369152K, 0% used [0x00000000d5580000,0x00000000d5580000,0x00000000ebe00000)
  from space 14848K, 0% used [0x00000000ebe00000,0x00000000ebe00000,0x00000000ecc80000)
  to   space 14336K, 0% used [0x00000000f0b00000,0x00000000f0b00000,0x00000000f1900000)
 ParOldGen       total 59904K, used 27826K [0x0000000080000000, 0x0000000083a80000, 0x00000000d5580000)
  object space 59904K, 46% used [0x0000000080000000,0x0000000081b2c8a8,0x0000000083a80000)
 Metaspace       used 49889K, capacity 51854K, committed 52096K, reserved 1095680K
  class space    used 6351K, capacity 6734K, committed 6784K, reserved 1048576K
}
Event: 146.853 GC heap before
{Heap before GC invocations=21 (full 3):
 PSYoungGen      total 384000K, used 369152K [0x00000000d5580000, 0x00000000f1900000, 0x0000000100000000)
  eden space 369152K, 100% used [0x00000000d5580000,0x00000000ebe00000,0x00000000ebe00000)
  from space 14848K, 0% used [0x00000000ebe00000,0x00000000ebe00000,0x00000000ecc80000)
  to   space 14336K, 0% used [0x00000000f0b00000,0x00000000f0b00000,0x00000000f1900000)
 ParOldGen       total 59904K, used 27826K [0x0000000080000000, 0x0000000083a80000, 0x00000000d5580000)
  object space 59904K, 46% used [0x0000000080000000,0x0000000081b2c8a8,0x0000000083a80000)
 Metaspace       used 49889K, capacity 51854K, committed 52096K, reserved 1095680K
  class space    used 6351K, capacity 6734K, committed 6784K, reserved 1048576K
Event: 146.898 GC heap after
Heap after GC invocations=21 (full 3):
 PSYoungGen      total 448000K, used 1136K [0x00000000d5580000, 0x00000000f1b00000, 0x0000000100000000)
  eden space 433664K, 0% used [0x00000000d5580000,0x00000000d5580000,0x00000000efd00000)
  from space 14336K, 7% used [0x00000000f0b00000,0x00000000f0c1c120,0x00000000f1900000)
  to   space 14336K, 0% used [0x00000000efd00000,0x00000000efd00000,0x00000000f0b00000)
 ParOldGen       total 59904K, used 27826K [0x0000000080000000, 0x0000000083a80000, 0x00000000d5580000)
  object space 59904K, 46% used [0x0000000080000000,0x0000000081b2c8a8,0x0000000083a80000)
 Metaspace       used 49889K, capacity 51854K, committed 52096K, reserved 1095680K
  class space    used 6351K, capacity 6734K, committed 6784K, reserved 1048576K
}
Event: 275.314 GC heap before
{Heap before GC invocations=22 (full 3):
 PSYoungGen      total 448000K, used 434800K [0x00000000d5580000, 0x00000000f1b00000, 0x0000000100000000)
  eden space 433664K, 100% used [0x00000000d5580000,0x00000000efd00000,0x00000000efd00000)
  from space 14336K, 7% used [0x00000000f0b00000,0x00000000f0c1c120,0x00000000f1900000)
  to   space 14336K, 0% used [0x00000000efd00000,0x00000000efd00000,0x00000000f0b00000)
 ParOldGen       total 59904K, used 27826K [0x0000000080000000, 0x0000000083a80000, 0x00000000d5580000)
  object space 59904K, 46% used [0x0000000080000000,0x0000000081b2c8a8,0x0000000083a80000)
 Metaspace       used 70243K, capacity 73072K, committed 73216K, reserved 1112064K
  class space    used 9144K, capacity 9655K, committed 9728K, reserved 1048576K
Event: 276.549 GC heap after
Heap after GC invocations=22 (full 3):
 PSYoungGen      total 448000K, used 14322K [0x00000000d5580000, 0x00000000f1b00000, 0x0000000100000000)
  eden space 433664K, 0% used [0x00000000d5580000,0x00000000d5580000,0x00000000efd00000)
  from space 14336K, 99% used [0x00000000efd00000,0x00000000f0afc958,0x00000000f0b00000)
  to   space 14336K, 0% used [0x00000000f0b00000,0x00000000f0b00000,0x00000000f1900000)
 ParOldGen       total 59904K, used 45769K [0x0000000080000000, 0x0000000083a80000, 0x00000000d5580000)
  object space 59904K, 76% used [0x0000000080000000,0x0000000082cb26f8,0x0000000083a80000)
 Metaspace       used 70243K, capacity 73072K, committed 73216K, reserved 1112064K
  class space    used 9144K, capacity 9655K, committed 9728K, reserved 1048576K
}
Event: 323.748 GC heap before
{Heap before GC invocations=23 (full 3):
 PSYoungGen      total 448000K, used 400591K [0x00000000d5580000, 0x00000000f1b00000, 0x0000000100000000)
  eden space 433664K, 89% used [0x00000000d5580000,0x00000000eceb74f8,0x00000000efd00000)
  from space 14336K, 99% used [0x00000000efd00000,0x00000000f0afc958,0x00000000f0b00000)
  to   space 14336K, 0% used [0x00000000f0b00000,0x00000000f0b00000,0x00000000f1900000)
 ParOldGen       total 59904K, used 45769K [0x0000000080000000, 0x0000000083a80000, 0x00000000d5580000)
  object space 59904K, 76% used [0x0000000080000000,0x0000000082cb26f8,0x0000000083a80000)
 Metaspace       used 82439K, capacity 86742K, committed 86784K, reserved 1124352K
  class space    used 10936K, capacity 11747K, committed 11776K, reserved 1048576K
Event: 324.536 GC heap after
Heap after GC invocations=23 (full 3):
 PSYoungGen      total 448000K, used 14305K [0x00000000d5580000, 0x00000000f1b00000, 0x0000000100000000)
  eden space 433664K, 0% used [0x00000000d5580000,0x00000000d5580000,0x00000000efd00000)
  from space 14336K, 99% used [0x00000000f0b00000,0x00000000f18f8660,0x00000000f1900000)
  to   space 14336K, 0% used [0x00000000efd00000,0x00000000efd00000,0x00000000f0b00000)
 ParOldGen       total 68608K, used 68196K [0x0000000080000000, 0x0000000084300000, 0x00000000d5580000)
  object space 68608K, 99% used [0x0000000080000000,0x0000000084299190,0x0000000084300000)
 Metaspace       used 82439K, capacity 86742K, committed 86784K, reserved 1124352K
  class space    used 10936K, capacity 11747K, committed 11776K, reserved 1048576K
}
Event: 324.540 GC heap before
{Heap before GC invocations=24 (full 4):
 PSYoungGen      total 448000K, used 14305K [0x00000000d5580000, 0x00000000f1b00000, 0x0000000100000000)
  eden space 433664K, 0% used [0x00000000d5580000,0x00000000d5580000,0x00000000efd00000)
  from space 14336K, 99% used [0x00000000f0b00000,0x00000000f18f8660,0x00000000f1900000)
  to   space 14336K, 0% used [0x00000000efd00000,0x00000000efd00000,0x00000000f0b00000)
 ParOldGen       total 68608K, used 68196K [0x0000000080000000, 0x0000000084300000, 0x00000000d5580000)
  object space 68608K, 99% used [0x0000000080000000,0x0000000084299190,0x0000000084300000)
 Metaspace       used 82439K, capacity 86742K, committed 86784K, reserved 1124352K
  class space    used 10936K, capacity 11747K, committed 11776K, reserved 1048576K
Event: 327.025 GC heap after
Heap after GC invocations=24 (full 4):
 PSYoungGen      total 448000K, used 3498K [0x00000000d5580000, 0x00000000f1b00000, 0x0000000100000000)
  eden space 433664K, 0% used [0x00000000d5580000,0x00000000d5580000,0x00000000efd00000)
  from space 14336K, 24% used [0x00000000f0b00000,0x00000000f0e6a978,0x00000000f1900000)
  to   space 14336K, 0% used [0x00000000efd00000,0x00000000efd00000,0x00000000f0b00000)
 ParOldGen       total 119296K, used 68379K [0x0000000080000000, 0x0000000087480000, 0x00000000d5580000)
  object space 119296K, 57% used [0x0000000080000000,0x00000000842c6c60,0x0000000087480000)
 Metaspace       used 81947K, capacity 85368K, committed 86784K, reserved 1124352K
  class space    used 10776K, capacity 11473K, committed 11776K, reserved 1048576K
}

